2019-02-18T15:01:23.368Z - info: START seeder.
2019-02-18T15:01:23.427Z - debug: 2 dataCodewordset seeded
2019-02-18T15:01:23.427Z - debug: 292 datacodeword seeded
2019-02-18T15:01:23.427Z - debug: 6 datacourse seeded
2019-02-18T15:01:23.427Z - debug: 114 dataCoursestudent seeded
2019-02-18T15:01:23.428Z - debug: 92 hootoriginal seeded
2019-02-18T15:01:23.428Z - debug: 200 largeset seeded
2019-02-18T15:01:23.428Z - info: END Seeder. Sample data read and verified.
2019-02-18T16:48:37.816Z - info: START seeder.
2019-02-18T16:48:37.854Z - debug: 2 dataCodewordset seeded
2019-02-18T16:48:37.854Z - debug: 292 datacodeword seeded
2019-02-18T16:48:37.854Z - debug: 6 datacourse seeded
2019-02-18T16:48:37.854Z - debug: 114 dataCoursestudent seeded
2019-02-18T16:48:37.854Z - debug: 92 hootoriginal seeded
2019-02-18T16:48:37.855Z - debug: 200 largeset seeded
2019-02-18T16:48:37.855Z - info: END Seeder. Sample data read and verified.
2019-02-18T17:30:56.420Z - info: START seeder.
2019-02-18T17:30:56.554Z - debug: 2 dataCodewordset seeded
2019-02-18T17:30:56.554Z - debug: 292 datacodeword seeded
2019-02-18T17:30:56.555Z - debug: 6 datacourse seeded
2019-02-18T17:30:56.555Z - debug: 114 dataCoursestudent seeded
2019-02-18T17:30:56.555Z - debug: 92 hootoriginal seeded
2019-02-18T17:30:56.556Z - debug: 200 largeset seeded
2019-02-18T17:30:56.556Z - info: END Seeder. Sample data read and verified.
2019-02-20T15:16:34.877Z - info: START seeder.
2019-02-20T15:16:34.947Z - debug: 2 dataCodewordset seeded
2019-02-20T15:16:34.948Z - debug: 292 datacodeword seeded
2019-02-20T15:16:34.948Z - debug: 6 datacourse seeded
2019-02-20T15:16:34.949Z - debug: 114 dataCoursestudent seeded
2019-02-20T15:16:34.949Z - debug: 92 hootoriginal seeded
2019-02-20T15:16:34.950Z - debug: 200 largeset seeded
2019-02-20T15:16:34.950Z - info: END Seeder. Sample data read and verified.
2019-02-20T16:37:00.431Z - info: START seeder.
2019-02-20T16:37:00.522Z - debug: 2 dataCodewordset seeded
2019-02-20T16:37:00.523Z - debug: 292 datacodeword seeded
2019-02-20T16:37:00.523Z - debug: 6 datacourse seeded
2019-02-20T16:37:00.524Z - debug: 114 dataCoursestudent seeded
2019-02-20T16:37:00.526Z - debug: 92 hootoriginal seeded
2019-02-20T16:37:00.526Z - debug: 200 largeset seeded
2019-02-20T16:37:00.526Z - info: END Seeder. Sample data read and verified.
2019-02-20T16:39:11.202Z - info: START seeder.
2019-02-20T16:39:11.305Z - debug: 2 dataCodewordset seeded
2019-02-20T16:39:11.305Z - debug: 292 datacodeword seeded
2019-02-20T16:39:11.306Z - debug: 6 datacourse seeded
2019-02-20T16:39:11.306Z - debug: 114 dataCoursestudent seeded
2019-02-20T16:39:11.307Z - debug: 92 hootoriginal seeded
2019-02-20T16:39:11.307Z - debug: 200 largeset seeded
2019-02-20T16:39:11.307Z - info: END Seeder. Sample data read and verified.
